<?xml version="1.0" encoding="UTF-8"?>
<!-- Generated by org.testng.reporters.JUnitXMLReporter -->
<testsuite hostname="dhcp-31-42.brq.redhat.com" name="Ant test" tests="2" failures="1" timestamp="13 Apr 2012 07:44:22 GMT" time="0.021" errors="0">
  <testcase name="decTest" time="0.001" classname="test.dummyTest"/>
  <testcase name="incTest" time="0.0" classname="test.dummyTest">
    <failure type="java.lang.AssertionError" message="expected:&amp;lt;1&amp;gt; but was:&amp;lt;0&amp;gt;">
      <![CDATA[java.lang.AssertionError: expected:<1> but was:<0>
	at test.dummyTest.incTest(dummyTest.java:29)
... Removed 28 stack frames]]>
    </failure>
  </testcase> <!-- incTest -->
</testsuite> <!-- Ant test -->
